#
# A fatal error has been detected by the Java Runtime Environment:
#
#  EXCEPTION_ACCESS_VIOLATION (0xc0000005) at pc=0x00007ffb4e3766f0, pid=5904, tid=8656
#
# JRE version: Java(TM) SE Runtime Environment (13.0.1+9) (build 13.0.1+9)
# Java VM: Java HotSpot(TM) 64-Bit Server VM (13.0.1+9, mixed mode, sharing, tiered, compressed oops, g1 gc, windows-amd64)
# Problematic frame:
# C  [glass.dll+0x266f0]
#
# No core dump will be written. Minidumps are not enabled by default on client versions of Windows
#
# If you would like to submit a bug report, please visit:
#   http://bugreport.java.com/bugreport/crash.jsp
#

---------------  S U M M A R Y ------------

Command Line: --module-path=C:\Program Files\Java\openjfx-14.0.1_windows-x64_bin-sdk\javafx-sdk-14.0.1\lib --add-modules=javafx.controls,javafx.fxml -Dfile.encoding=Cp1252 client.launcher.Launcher

Host: Intel(R) Core(TM) i5-6300HQ CPU @ 2.30GHz, 4 cores, 7G,  Windows 10 , 64 bit Build 18362 (10.0.18362.778)
Time: Mon Jun  1 16:16:49 2020 Malay Peninsula Standard Time elapsed time: 7 seconds (0d 0h 0m 7s)

---------------  T H R E A D  ---------------

Current thread (0x000001eeec82b800):  VMThread "VM Thread" [stack: 0x000000dca3c00000,0x000000dca3d00000] [id=8656]

Stack: [0x000000dca3c00000,0x000000dca3d00000],  sp=0x000000dca3cfee20,  free space=1019k
Native frames: (J=compiled Java code, j=interpreted, Vv=VM code, C=native code)
C  [glass.dll+0x266f0]


siginfo: EXCEPTION_ACCESS_VIOLATION (0xc0000005), reading address 0x0000000000000000


Register to memory mapping:

RIP=0x00007ffb4e3766f0 glass.dll
RAX=0x0 is NULL
RBX=0x000001eeec840c20 is a global jni handle
RCX=0x000001eeec82b800 points into unknown readable memory: 20 ac 4a 44 fb 7f 00 00
RDX=0x000000dca3cfee20 points into unknown readable memory: 00 00 00 00 00 00 00 00
RSP=0x000000dca3cfee20 points into unknown readable memory: 00 00 00 00 00 00 00 00
RBP=0x000001eeed76a008 points into unknown readable memory: 03 0c d8 1d 91 2b 00 00
RSI=0x000001eeed769fe0 points into unknown readable memory: 63 bf 61 6c 4b d4 03 00
RDI=0x00002b911dd80c03 is an unknown value
R8 =0x0000000000010002 is an unknown value
R9 =0x00002b911dd80c03 is an unknown value
R10=0x0000000000008000 is an unknown value
R11=0x000000dca3cfedc0 points into unknown readable memory: e0 9f 76 ed ee 01 00 00
R12=0x00007ffb4e373b84 glass.dll
R13=0x000001eeec824fd8 points into unknown readable memory: 00 b8 82 ec ee 01 00 00
R14=0x000000dca3cfef28 points into unknown readable memory: 10 ef cf a3 dc 00 00 00
R15=0x000001eeed769fe0 points into unknown readable memory: 63 bf 61 6c 4b d4 03 00


Registers:
RAX=0x0000000000000000, RBX=0x000001eeec840c20, RCX=0x000001eeec82b800, RDX=0x000000dca3cfee20
RSP=0x000000dca3cfee20, RBP=0x000001eeed76a008, RSI=0x000001eeed769fe0, RDI=0x00002b911dd80c03
R8 =0x0000000000010002, R9 =0x00002b911dd80c03, R10=0x0000000000008000, R11=0x000000dca3cfedc0
R12=0x00007ffb4e373b84, R13=0x000001eeec824fd8, R14=0x000000dca3cfef28, R15=0x000001eeed769fe0
RIP=0x00007ffb4e3766f0, EFLAGS=0x0000000000010206

Top of Stack: (sp=0x000000dca3cfee20)
0x000000dca3cfee20:   0000000000000000 00007ffb960d14cb
0x000000dca3cfee30:   000001eeed769ff0 000001eeed769fe0
0x000000dca3cfee40:   fffffffffffffffe 00007ffb4e38a1a0
0x000000dca3cfee50:   000001eeed769fe8 00007ffb960d9d06
0x000000dca3cfee60:   000001eeed769ff0 000001ee00000000
0x000000dca3cfee70:   0000000000000000 00007ffb960d9f46
0x000000dca3cfee80:   fffffffffffffffe 0000000000000000
0x000000dca3cfee90:   0000000000000001 00007ffb4e350000
0x000000dca3cfeea0:   000000dca3cfef18 00007ffb960d9c2b
0x000000dca3cfeeb0:   0000000000000000 000000dca3cfef28
0x000000dca3cfeec0:   000000dca3cff1e0 00007ffb961abc30
0x000000dca3cfeed0:   0000000000000000 00007ffb960d9be4
0x000000dca3cfeee0:   0000000000000000 0000000000000001
0x000000dca3cfeef0:   0000000000000000 000000dca3cfef18
0x000000dca3cfef00:   0000000000000000 00007ffb4e373a12
0x000000dca3cfef10:   00007ffb4e38d118 00007ffb00000002 

Instructions: (pc=0x00007ffb4e3766f0)
0x00007ffb4e3765f0:   8b 4d 60 e8 98 c9 ff ff 48 8b 55 68 48 8b 8d 08
0x00007ffb4e376600:   01 00 00 e8 49 be ff ff 33 d2 33 c9 e8 49 de ff
0x00007ffb4e376610:   ff 90 cc cc cc cc cc cc cc cc cc cc cc cc cc cc
0x00007ffb4e376620:   48 8d 8a 80 00 00 00 e9 14 e9 fe ff 48 89 54 24
0x00007ffb4e376630:   10 55 48 83 ec 20 48 8b ea 48 8d 05 dd ca ff ff
0x00007ffb4e376640:   48 83 c4 20 5d c3 cc 40 55 48 8b ea 48 8b 01 33
0x00007ffb4e376650:   c9 81 38 05 00 00 c0 0f 94 c1 8b c1 5d c3 cc 40
0x00007ffb4e376660:   55 48 83 ec 20 48 8b ea 8a 4d 40 48 83 c4 20 5d
0x00007ffb4e376670:   e9 df cd ff ff cc 40 55 48 83 ec 20 48 8b ea e8
0x00007ffb4e376680:   fc cb ff ff 8a 4d 38 48 83 c4 20 5d e9 c3 cd ff
0x00007ffb4e376690:   ff cc 40 55 48 83 ec 30 48 8b ea 48 8b 01 8b 10
0x00007ffb4e3766a0:   48 89 4c 24 28 89 54 24 20 4c 8d 0d a4 d1 ff ff
0x00007ffb4e3766b0:   4c 8b 45 70 8b 55 68 48 8b 4d 60 e8 30 cb ff ff
0x00007ffb4e3766c0:   90 48 83 c4 30 5d c3 cc cc cc cc cc cc cc cc cc
0x00007ffb4e3766d0:   40 53 48 83 ec 30 48 c7 44 24 20 fe ff ff ff 48
0x00007ffb4e3766e0:   8b 1d 2a 64 01 00 48 85 db 74 16 e8 90 85 ff ff
0x00007ffb4e3766f0:   4c 8b 00 48 8b d3 48 8b c8 41 ff 90 b0 00 00 00
0x00007ffb4e376700:   90 48 83 c4 30 5b c3 cc cc cc cc cc cc cc cc cc
0x00007ffb4e376710:   40 53 48 83 ec 20 48 8b 1d 9b 65 01 00 48 85 db
0x00007ffb4e376720:   74 57 b8 ff ff ff ff f0 0f c1 43 10 83 f8 01 75
0x00007ffb4e376730:   3d 48 85 db 74 38 48 8b 0b 48 85 c9 74 0d ff 15
0x00007ffb4e376740:   64 0b 00 00 48 c7 03 00 00 00 00 48 8b 4b 08 48
0x00007ffb4e376750:   85 c9 74 0d e8 37 c8 ff ff 48 c7 43 08 00 00 00
0x00007ffb4e376760:   00 ba 18 00 00 00 48 8b cb e8 22 c8 ff ff 48 c7
0x00007ffb4e376770:   05 3f 65 01 00 00 00 00 00 48 83 c4 20 5b c3 cc
0x00007ffb4e376780:   40 53 48 83 ec 20 48 8b 1d 0b 65 01 00 48 85 db
0x00007ffb4e376790:   74 57 b8 ff ff ff ff f0 0f c1 43 10 83 f8 01 75
0x00007ffb4e3767a0:   3d 48 85 db 74 38 48 8b 0b 48 85 c9 74 0d ff 15
0x00007ffb4e3767b0:   f4 0a 00 00 48 c7 03 00 00 00 00 48 8b 4b 08 48
0x00007ffb4e3767c0:   85 c9 74 0d e8 c7 c7 ff ff 48 c7 43 08 00 00 00
0x00007ffb4e3767d0:   00 ba 18 00 00 00 48 8b cb e8 b2 c7 ff ff 48 c7
0x00007ffb4e3767e0:   05 af 64 01 00 00 00 00 00 48 83 c4 20 5b c3 cc 


Stack slot to memory mapping:
stack at sp + 0 slots: 0x0 is NULL
stack at sp + 1 slots: 0x00007ffb960d14cb ucrtbase.dll
stack at sp + 2 slots: 0x000001eeed769ff0 points into unknown readable memory: 03 0c d8 1d 91 2b 00 00
stack at sp + 3 slots: 0x000001eeed769fe0 points into unknown readable memory: 63 bf 61 6c 4b d4 03 00
stack at sp + 4 slots: 0xfffffffffffffffe is an unknown value
stack at sp + 5 slots: 0x00007ffb4e38a1a0 glass.dll
stack at sp + 6 slots: 0x000001eeed769fe8 points into unknown readable memory: 03 0c d8 1d 91 2b 00 00
stack at sp + 7 slots: 0x00007ffb960d9d06 ucrtbase.dll

VM_Operation (0x000000dca4bfacf0): Exit, mode: safepoint, requested by thread 0x000001eeed770800


---------------  P R O C E S S  ---------------

Threads class SMR info:
_java_thread_list=0x000001eef577c890, length=18, elements={
0x000001eece27d000, 0x000001eeec82e800, 0x000001eeec832000, 0x000001eeec850800,
0x000001eeec859800, 0x000001eeec85f800, 0x000001eeec869000, 0x000001eeec813000,
0x000001eeed3bf000, 0x000001eeed4f7000, 0x000001eeed577000, 0x000001eeed770800,
0x000001eeed928800, 0x000001eeed96c800, 0x000001eeed8f7800, 0x000001eef4eb4000,
0x000001eeedd6b000, 0x000001eef6ab7000
}

Java Threads: ( => current thread )
  0x000001eece27d000 JavaThread "main" [_thread_blocked, id=15868, stack(0x000000dca3600000,0x000000dca3700000)]
  0x000001eeec82e800 JavaThread "Reference Handler" daemon [_thread_blocked, id=16368, stack(0x000000dca3d00000,0x000000dca3e00000)]
  0x000001eeec832000 JavaThread "Finalizer" daemon [_thread_blocked, id=17508, stack(0x000000dca3e00000,0x000000dca3f00000)]
  0x000001eeec850800 JavaThread "Attach Listener" daemon [_thread_blocked, id=12176, stack(0x000000dca4000000,0x000000dca4100000)]
  0x000001eeec859800 JavaThread "C2 CompilerThread0" daemon [_thread_blocked, id=7808, stack(0x000000dca4100000,0x000000dca4200000)]
  0x000001eeec85f800 JavaThread "C1 CompilerThread0" daemon [_thread_blocked, id=14480, stack(0x000000dca4200000,0x000000dca4300000)]
  0x000001eeec869000 JavaThread "Sweeper thread" daemon [_thread_blocked, id=12076, stack(0x000000dca4300000,0x000000dca4400000)]
  0x000001eeec813000 JavaThread "Common-Cleaner" daemon [_thread_blocked, id=5736, stack(0x000000dca4400000,0x000000dca4500000)]
  0x000001eeed3bf000 JavaThread "Service Thread" daemon [_thread_blocked, id=8344, stack(0x000000dca4600000,0x000000dca4700000)]
  0x000001eeed4f7000 JavaThread "QuantumRenderer-0" daemon [_thread_blocked, id=16348, stack(0x000000dca4800000,0x000000dca4900000)]
  0x000001eeed577000 JavaThread "InvokeLaterDispatcher" daemon [_thread_blocked, id=9812, stack(0x000000dca4a00000,0x000000dca4b00000)]
  0x000001eeed770800 JavaThread "JavaFX Application Thread" [_thread_blocked, id=8540, stack(0x000000dca4b00000,0x000000dca4c00000)]
  0x000001eeed928800 JavaThread "JavaFX-Launcher" [_thread_blocked, id=8876, stack(0x000000dca5200000,0x000000dca5300000)]
  0x000001eeed96c800 JavaThread "Thread-2" daemon [_thread_in_native, id=10276, stack(0x000000dca5100000,0x000000dca5200000)]
  0x000001eeed8f7800 JavaThread "Thread-3" [_thread_in_native, id=10008, stack(0x000000dca5300000,0x000000dca5400000)]
  0x000001eef4eb4000 JavaThread "Prism Font Disposer" daemon [_thread_blocked, id=2440, stack(0x000000dca5700000,0x000000dca5800000)]
  0x000001eeedd6b000 JavaThread "Cleaner-0" daemon [_thread_blocked, id=18072, stack(0x000000dca5900000,0x000000dca5a00000)]
  0x000001eef6ab7000 JavaThread "Glass/Prism Shutdown Hook" [_thread_blocked, id=12112, stack(0x000000dca5a00000,0x000000dca5b00000)]

Other Threads:
=>0x000001eeec82b800 VMThread "VM Thread" [stack: 0x000000dca3c00000,0x000000dca3d00000] [id=8656]
  0x000001eece2c2800 GCTaskThread "GC Thread#0" [stack: 0x000000dca3700000,0x000000dca3800000] [id=14920]
  0x000001eeed93c000 GCTaskThread "GC Thread#1" [stack: 0x000000dca4e00000,0x000000dca4f00000] [id=7312]
  0x000001eeed988000 GCTaskThread "GC Thread#2" [stack: 0x000000dca4f00000,0x000000dca5000000] [id=6128]
  0x000001eeed8f3000 GCTaskThread "GC Thread#3" [stack: 0x000000dca5000000,0x000000dca5100000] [id=9500]
  0x000001eece2d4800 ConcurrentGCThread "G1 Main Marker" [stack: 0x000000dca3800000,0x000000dca3900000] [id=17036]
  0x000001eece2d6000 ConcurrentGCThread "G1 Conc#0" [stack: 0x000000dca3900000,0x000000dca3a00000] [id=16060]
  0x000001eece34e000 ConcurrentGCThread "G1 Refine#0" [stack: 0x000000dca3a00000,0x000000dca3b00000] [id=5324]
  0x000001eeec6ae800 ConcurrentGCThread "G1 Young RemSet Sampling" [stack: 0x000000dca3b00000,0x000000dca3c00000] [id=16568]

Threads with active compile tasks:

VM state:at safepoint (shutting down)

VM Mutex/Monitor currently owned by a thread:  ([mutex/lock_event])
[0x000001eece27a370] Threads_lock - owner thread: 0x000001eeec82b800
[0x000001eece27abe0] Heap_lock - owner thread: 0x000001eeed770800

Heap address: 0x0000000082000000, size: 2016 MB, Compressed Oops mode: 32-bit
Narrow klass base: 0x0000000800000000, Narrow klass shift: 3
Compressed class space size: 1073741824 Address: 0x0000000800b40000

Heap:
 garbage-first heap   total 129024K, used 44217K [0x0000000082000000, 0x0000000100000000)
  region size 1024K, 43 young (44032K), 2 survivors (2048K)
 Metaspace       used 14893K, capacity 15690K, committed 15872K, reserved 1062912K
  class space    used 2194K, capacity 2445K, committed 2560K, reserved 1048576K
Heap Regions: E=young(eden), S=young(survivor), O=old, HS=humongous(starts), HC=humongous(continues), CS=collection set, F=free, A=archive, TAMS=top-at-mark-start (previous, next)
|   0|0x0000000082000000, 0x000000008202e400, 0x0000000082100000| 18%| O|  |TAMS 0x0000000082000000, 0x0000000082000000| Untracked 
|   1|0x0000000082100000, 0x0000000082200000, 0x0000000082200000|100%|HS|  |TAMS 0x0000000082100000, 0x0000000082100000| Complete 
|   2|0x0000000082200000, 0x0000000082300000, 0x0000000082300000|100%|HC|  |TAMS 0x0000000082200000, 0x0000000082200000| Complete 
|   3|0x0000000082300000, 0x0000000082300000, 0x0000000082400000|  0%| F|  |TAMS 0x0000000082300000, 0x0000000082300000| Untracked 
|   4|0x0000000082400000, 0x0000000082400000, 0x0000000082500000|  0%| F|  |TAMS 0x0000000082400000, 0x0000000082400000| Untracked 
|   5|0x0000000082500000, 0x0000000082500000, 0x0000000082600000|  0%| F|  |TAMS 0x0000000082500000, 0x0000000082500000| Untracked 
|   6|0x0000000082600000, 0x0000000082600000, 0x0000000082700000|  0%| F|  |TAMS 0x0000000082600000, 0x0000000082600000| Untracked 
|   7|0x0000000082700000, 0x0000000082700000, 0x0000000082800000|  0%| F|  |TAMS 0x0000000082700000, 0x0000000082700000| Untracked 
|   8|0x0000000082800000, 0x0000000082800000, 0x0000000082900000|  0%| F|  |TAMS 0x0000000082800000, 0x0000000082800000| Untracked 
|   9|0x0000000082900000, 0x0000000082900000, 0x0000000082a00000|  0%| F|  |TAMS 0x0000000082900000, 0x0000000082900000| Untracked 
|  10|0x0000000082a00000, 0x0000000082a00000, 0x0000000082b00000|  0%| F|  |TAMS 0x0000000082a00000, 0x0000000082a00000| Untracked 
|  11|0x0000000082b00000, 0x0000000082b00000, 0x0000000082c00000|  0%| F|  |TAMS 0x0000000082b00000, 0x0000000082b00000| Untracked 
|  12|0x0000000082c00000, 0x0000000082c00000, 0x0000000082d00000|  0%| F|  |TAMS 0x0000000082c00000, 0x0000000082c00000| Untracked 
|  13|0x0000000082d00000, 0x0000000082d00000, 0x0000000082e00000|  0%| F|  |TAMS 0x0000000082d00000, 0x0000000082d00000| Untracked 
|  14|0x0000000082e00000, 0x0000000082e00000, 0x0000000082f00000|  0%| F|  |TAMS 0x0000000082e00000, 0x0000000082e00000| Untracked 
|  15|0x0000000082f00000, 0x0000000082f00000, 0x0000000083000000|  0%| F|  |TAMS 0x0000000082f00000, 0x0000000082f00000| Untracked 
|  16|0x0000000083000000, 0x0000000083000000, 0x0000000083100000|  0%| F|  |TAMS 0x0000000083000000, 0x0000000083000000| Untracked 
|  17|0x0000000083100000, 0x0000000083100000, 0x0000000083200000|  0%| F|  |TAMS 0x0000000083100000, 0x0000000083100000| Untracked 
|  18|0x0000000083200000, 0x0000000083200000, 0x0000000083300000|  0%| F|  |TAMS 0x0000000083200000, 0x0000000083200000| Untracked 
|  19|0x0000000083300000, 0x0000000083300000, 0x0000000083400000|  0%| F|  |TAMS 0x0000000083300000, 0x0000000083300000| Untracked 
|  20|0x0000000083400000, 0x0000000083400000, 0x0000000083500000|  0%| F|  |TAMS 0x0000000083400000, 0x0000000083400000| Untracked 
|  21|0x0000000083500000, 0x0000000083500000, 0x0000000083600000|  0%| F|  |TAMS 0x0000000083500000, 0x0000000083500000| Untracked 
|  22|0x0000000083600000, 0x0000000083600000, 0x0000000083700000|  0%| F|  |TAMS 0x0000000083600000, 0x0000000083600000| Untracked 
|  23|0x0000000083700000, 0x0000000083700000, 0x0000000083800000|  0%| F|  |TAMS 0x0000000083700000, 0x0000000083700000| Untracked 
|  24|0x0000000083800000, 0x0000000083800000, 0x0000000083900000|  0%| F|  |TAMS 0x0000000083800000, 0x0000000083800000| Untracked 
|  25|0x0000000083900000, 0x0000000083900000, 0x0000000083a00000|  0%| F|  |TAMS 0x0000000083900000, 0x0000000083900000| Untracked 
|  26|0x0000000083a00000, 0x0000000083a00000, 0x0000000083b00000|  0%| F|  |TAMS 0x0000000083a00000, 0x0000000083a00000| Untracked 
|  27|0x0000000083b00000, 0x0000000083b00000, 0x0000000083c00000|  0%| F|  |TAMS 0x0000000083b00000, 0x0000000083b00000| Untracked 
|  28|0x0000000083c00000, 0x0000000083c00000, 0x0000000083d00000|  0%| F|  |TAMS 0x0000000083c00000, 0x0000000083c00000| Untracked 
|  29|0x0000000083d00000, 0x0000000083d00000, 0x0000000083e00000|  0%| F|  |TAMS 0x0000000083d00000, 0x0000000083d00000| Untracked 
|  30|0x0000000083e00000, 0x0000000083e00000, 0x0000000083f00000|  0%| F|  |TAMS 0x0000000083e00000, 0x0000000083e00000| Untracked 
|  31|0x0000000083f00000, 0x0000000083f00000, 0x0000000084000000|  0%| F|  |TAMS 0x0000000083f00000, 0x0000000083f00000| Untracked 
|  32|0x0000000084000000, 0x0000000084000000, 0x0000000084100000|  0%| F|  |TAMS 0x0000000084000000, 0x0000000084000000| Untracked 
|  33|0x0000000084100000, 0x0000000084100000, 0x0000000084200000|  0%| F|  |TAMS 0x0000000084100000, 0x0000000084100000| Untracked 
|  34|0x0000000084200000, 0x0000000084200000, 0x0000000084300000|  0%| F|  |TAMS 0x0000000084200000, 0x0000000084200000| Untracked 
|  35|0x0000000084300000, 0x0000000084300000, 0x0000000084400000|  0%| F|  |TAMS 0x0000000084300000, 0x0000000084300000| Untracked 
|  36|0x0000000084400000, 0x0000000084400000, 0x0000000084500000|  0%| F|  |TAMS 0x0000000084400000, 0x0000000084400000| Untracked 
|  37|0x0000000084500000, 0x0000000084500000, 0x0000000084600000|  0%| F|  |TAMS 0x0000000084500000, 0x0000000084500000| Untracked 
|  38|0x0000000084600000, 0x0000000084600000, 0x0000000084700000|  0%| F|  |TAMS 0x0000000084600000, 0x0000000084600000| Untracked 
|  39|0x0000000084700000, 0x0000000084700000, 0x0000000084800000|  0%| F|  |TAMS 0x0000000084700000, 0x0000000084700000| Untracked 
|  40|0x0000000084800000, 0x0000000084800000, 0x0000000084900000|  0%| F|  |TAMS 0x0000000084800000, 0x0000000084800000| Untracked 
|  41|0x0000000084900000, 0x0000000084900000, 0x0000000084a00000|  0%| F|  |TAMS 0x0000000084900000, 0x0000000084900000| Untracked 
|  42|0x0000000084a00000, 0x0000000084a00000, 0x0000000084b00000|  0%| F|  |TAMS 0x0000000084a00000, 0x0000000084a00000| Untracked 
|  43|0x0000000084b00000, 0x0000000084b00000, 0x0000000084c00000|  0%| F|  |TAMS 0x0000000084b00000, 0x0000000084b00000| Untracked 
|  44|0x0000000084c00000, 0x0000000084c00000, 0x0000000084d00000|  0%| F|  |TAMS 0x0000000084c00000, 0x0000000084c00000| Untracked 
|  45|0x0000000084d00000, 0x0000000084d00000, 0x0000000084e00000|  0%| F|  |TAMS 0x0000000084d00000, 0x0000000084d00000| Untracked 
|  46|0x0000000084e00000, 0x0000000084e00000, 0x0000000084f00000|  0%| F|  |TAMS 0x0000000084e00000, 0x0000000084e00000| Untracked 
|  47|0x0000000084f00000, 0x0000000084f00000, 0x0000000085000000|  0%| F|  |TAMS 0x0000000084f00000, 0x0000000084f00000| Untracked 
|  48|0x0000000085000000, 0x0000000085000000, 0x0000000085100000|  0%| F|  |TAMS 0x0000000085000000, 0x0000000085000000| Untracked 
|  49|0x0000000085100000, 0x0000000085100000, 0x0000000085200000|  0%| F|  |TAMS 0x0000000085100000, 0x0000000085100000| Untracked 
|  50|0x0000000085200000, 0x0000000085200000, 0x0000000085300000|  0%| F|  |TAMS 0x0000000085200000, 0x0000000085200000| Untracked 
|  51|0x0000000085300000, 0x0000000085300000, 0x0000000085400000|  0%| F|  |TAMS 0x0000000085300000, 0x0000000085300000| Untracked 
|  52|0x0000000085400000, 0x0000000085400000, 0x0000000085500000|  0%| F|  |TAMS 0x0000000085400000, 0x0000000085400000| Untracked 
|  53|0x0000000085500000, 0x0000000085500000, 0x0000000085600000|  0%| F|  |TAMS 0x0000000085500000, 0x0000000085500000| Untracked 
|  54|0x0000000085600000, 0x0000000085600000, 0x0000000085700000|  0%| F|  |TAMS 0x0000000085600000, 0x0000000085600000| Untracked 
|  55|0x0000000085700000, 0x0000000085700000, 0x0000000085800000|  0%| F|  |TAMS 0x0000000085700000, 0x0000000085700000| Untracked 
|  56|0x0000000085800000, 0x0000000085800000, 0x0000000085900000|  0%| F|  |TAMS 0x0000000085800000, 0x0000000085800000| Untracked 
|  57|0x0000000085900000, 0x0000000085900000, 0x0000000085a00000|  0%| F|  |TAMS 0x0000000085900000, 0x0000000085900000| Untracked 
|  58|0x0000000085a00000, 0x0000000085a00000, 0x0000000085b00000|  0%| F|  |TAMS 0x0000000085a00000, 0x0000000085a00000| Untracked 
|  59|0x0000000085b00000, 0x0000000085b00000, 0x0000000085c00000|  0%| F|  |TAMS 0x0000000085b00000, 0x0000000085b00000| Untracked 
|  60|0x0000000085c00000, 0x0000000085c00000, 0x0000000085d00000|  0%| F|  |TAMS 0x0000000085c00000, 0x0000000085c00000| Untracked 
|  61|0x0000000085d00000, 0x0000000085d00000, 0x0000000085e00000|  0%| F|  |TAMS 0x0000000085d00000, 0x0000000085d00000| Untracked 
|  62|0x0000000085e00000, 0x0000000085e00000, 0x0000000085f00000|  0%| F|  |TAMS 0x0000000085e00000, 0x0000000085e00000| Untracked 
|  63|0x0000000085f00000, 0x0000000085f00000, 0x0000000086000000|  0%| F|  |TAMS 0x0000000085f00000, 0x0000000085f00000| Untracked 
|  64|0x0000000086000000, 0x0000000086000000, 0x0000000086100000|  0%| F|  |TAMS 0x0000000086000000, 0x0000000086000000| Untracked 
|  65|0x0000000086100000, 0x0000000086100000, 0x0000000086200000|  0%| F|  |TAMS 0x0000000086100000, 0x0000000086100000| Untracked 
|  66|0x0000000086200000, 0x0000000086200000, 0x0000000086300000|  0%| F|  |TAMS 0x0000000086200000, 0x0000000086200000| Untracked 
|  67|0x0000000086300000, 0x0000000086300000, 0x0000000086400000|  0%| F|  |TAMS 0x0000000086300000, 0x0000000086300000| Untracked 
|  68|0x0000000086400000, 0x0000000086400000, 0x0000000086500000|  0%| F|  |TAMS 0x0000000086400000, 0x0000000086400000| Untracked 
|  69|0x0000000086500000, 0x0000000086500000, 0x0000000086600000|  0%| F|  |TAMS 0x0000000086500000, 0x0000000086500000| Untracked 
|  70|0x0000000086600000, 0x0000000086600000, 0x0000000086700000|  0%| F|  |TAMS 0x0000000086600000, 0x0000000086600000| Untracked 
|  71|0x0000000086700000, 0x0000000086700000, 0x0000000086800000|  0%| F|  |TAMS 0x0000000086700000, 0x0000000086700000| Untracked 
|  72|0x0000000086800000, 0x0000000086800000, 0x0000000086900000|  0%| F|  |TAMS 0x0000000086800000, 0x0000000086800000| Untracked 
|  73|0x0000000086900000, 0x0000000086900000, 0x0000000086a00000|  0%| F|  |TAMS 0x0000000086900000, 0x0000000086900000| Untracked 
|  74|0x0000000086a00000, 0x0000000086a00000, 0x0000000086b00000|  0%| F|  |TAMS 0x0000000086a00000, 0x0000000086a00000| Untracked 
|  75|0x0000000086b00000, 0x0000000086b00000, 0x0000000086c00000|  0%| F|  |TAMS 0x0000000086b00000, 0x0000000086b00000| Untracked 
|  76|0x0000000086c00000, 0x0000000086c00000, 0x0000000086d00000|  0%| F|  |TAMS 0x0000000086c00000, 0x0000000086c00000| Untracked 
|  77|0x0000000086d00000, 0x0000000086d00000, 0x0000000086e00000|  0%| F|  |TAMS 0x0000000086d00000, 0x0000000086d00000| Untracked 
|  78|0x0000000086e00000, 0x0000000086e00000, 0x0000000086f00000|  0%| F|  |TAMS 0x0000000086e00000, 0x0000000086e00000| Untracked 
|  79|0x0000000086f00000, 0x0000000086f00000, 0x0000000087000000|  0%| F|  |TAMS 0x0000000086f00000, 0x0000000086f00000| Untracked 
|  80|0x0000000087000000, 0x0000000087000000, 0x0000000087100000|  0%| F|  |TAMS 0x0000000087000000, 0x0000000087000000| Untracked 
|  81|0x0000000087100000, 0x0000000087100000, 0x0000000087200000|  0%| F|  |TAMS 0x0000000087100000, 0x0000000087100000| Untracked 
|  82|0x0000000087200000, 0x0000000087200000, 0x0000000087300000|  0%| F|  |TAMS 0x0000000087200000, 0x0000000087200000| Untracked 
|  83|0x0000000087300000, 0x000000008737d198, 0x0000000087400000| 48%| E|  |TAMS 0x0000000087300000, 0x0000000087300000| Complete 
|  84|0x0000000087400000, 0x0000000087500000, 0x0000000087500000|100%| E|CS|TAMS 0x0000000087400000, 0x0000000087400000| Complete 
|  85|0x0000000087500000, 0x0000000087600000, 0x0000000087600000|100%| E|CS|TAMS 0x0000000087500000, 0x0000000087500000| Complete 
|  86|0x0000000087600000, 0x0000000087700000, 0x0000000087700000|100%| E|CS|TAMS 0x0000000087600000, 0x0000000087600000| Complete 
|  87|0x0000000087700000, 0x0000000087800000, 0x0000000087800000|100%| E|CS|TAMS 0x0000000087700000, 0x0000000087700000| Complete 
|  88|0x0000000087800000, 0x0000000087900000, 0x0000000087900000|100%| E|CS|TAMS 0x0000000087800000, 0x0000000087800000| Complete 
|  89|0x0000000087900000, 0x0000000087a00000, 0x0000000087a00000|100%| E|CS|TAMS 0x0000000087900000, 0x0000000087900000| Complete 
|  90|0x0000000087a00000, 0x0000000087b00000, 0x0000000087b00000|100%| E|CS|TAMS 0x0000000087a00000, 0x0000000087a00000| Complete 
|  91|0x0000000087b00000, 0x0000000087c00000, 0x0000000087c00000|100%| E|CS|TAMS 0x0000000087b00000, 0x0000000087b00000| Complete 
|  92|0x0000000087c00000, 0x0000000087d00000, 0x0000000087d00000|100%| E|CS|TAMS 0x0000000087c00000, 0x0000000087c00000| Complete 
|  93|0x0000000087d00000, 0x0000000087e00000, 0x0000000087e00000|100%| E|CS|TAMS 0x0000000087d00000, 0x0000000087d00000| Complete 
|  94|0x0000000087e00000, 0x0000000087f00000, 0x0000000087f00000|100%| E|CS|TAMS 0x0000000087e00000, 0x0000000087e00000| Complete 
|  95|0x0000000087f00000, 0x0000000088000000, 0x0000000088000000|100%| E|CS|TAMS 0x0000000087f00000, 0x0000000087f00000| Complete 
|  96|0x0000000088000000, 0x0000000088100000, 0x0000000088100000|100%| E|CS|TAMS 0x0000000088000000, 0x0000000088000000| Complete 
|  97|0x0000000088100000, 0x0000000088200000, 0x0000000088200000|100%| E|CS|TAMS 0x0000000088100000, 0x0000000088100000| Complete 
|  98|0x0000000088200000, 0x0000000088300000, 0x0000000088300000|100%| E|CS|TAMS 0x0000000088200000, 0x0000000088200000| Complete 
|  99|0x0000000088300000, 0x0000000088400000, 0x0000000088400000|100%| E|CS|TAMS 0x0000000088300000, 0x0000000088300000| Complete 
| 100|0x0000000088400000, 0x0000000088500000, 0x0000000088500000|100%| E|CS|TAMS 0x0000000088400000, 0x0000000088400000| Complete 
| 101|0x0000000088500000, 0x0000000088600000, 0x0000000088600000|100%| E|CS|TAMS 0x0000000088500000, 0x0000000088500000| Complete 
| 102|0x0000000088600000, 0x0000000088700000, 0x0000000088700000|100%| E|CS|TAMS 0x0000000088600000, 0x0000000088600000| Complete 
| 103|0x0000000088700000, 0x0000000088800000, 0x0000000088800000|100%| E|CS|TAMS 0x0000000088700000, 0x0000000088700000| Complete 
| 104|0x0000000088800000, 0x0000000088900000, 0x0000000088900000|100%| E|CS|TAMS 0x0000000088800000, 0x0000000088800000| Complete 
| 105|0x0000000088900000, 0x0000000088a00000, 0x0000000088a00000|100%| E|CS|TAMS 0x0000000088900000, 0x0000000088900000| Complete 
| 106|0x0000000088a00000, 0x0000000088b00000, 0x0000000088b00000|100%| E|CS|TAMS 0x0000000088a00000, 0x0000000088a00000| Complete 
| 107|0x0000000088b00000, 0x0000000088c00000, 0x0000000088c00000|100%| E|CS|TAMS 0x0000000088b00000, 0x0000000088b00000| Complete 
| 108|0x0000000088c00000, 0x0000000088d00000, 0x0000000088d00000|100%| E|CS|TAMS 0x0000000088c00000, 0x0000000088c00000| Complete 
| 109|0x0000000088d00000, 0x0000000088e00000, 0x0000000088e00000|100%| E|CS|TAMS 0x0000000088d00000, 0x0000000088d00000| Complete 
| 110|0x0000000088e00000, 0x0000000088f00000, 0x0000000088f00000|100%| S|CS|TAMS 0x0000000088e00000, 0x0000000088e00000| Complete 
| 111|0x0000000088f00000, 0x0000000089000000, 0x0000000089000000|100%| S|CS|TAMS 0x0000000088f00000, 0x0000000088f00000| Complete 
| 112|0x0000000089000000, 0x0000000089100000, 0x0000000089100000|100%| E|CS|TAMS 0x0000000089000000, 0x0000000089000000| Complete 
| 113|0x0000000089100000, 0x0000000089200000, 0x0000000089200000|100%| E|CS|TAMS 0x0000000089100000, 0x0000000089100000| Complete 
| 114|0x0000000089200000, 0x0000000089300000, 0x0000000089300000|100%| E|CS|TAMS 0x0000000089200000, 0x0000000089200000| Complete 
| 115|0x0000000089300000, 0x0000000089400000, 0x0000000089400000|100%| E|CS|TAMS 0x0000000089300000, 0x0000000089300000| Complete 
| 116|0x0000000089400000, 0x0000000089500000, 0x0000000089500000|100%| E|CS|TAMS 0x0000000089400000, 0x0000000089400000| Complete 
| 117|0x0000000089500000, 0x0000000089600000, 0x0000000089600000|100%| E|CS|TAMS 0x0000000089500000, 0x0000000089500000| Complete 
| 118|0x0000000089600000, 0x0000000089700000, 0x0000000089700000|100%| E|CS|TAMS 0x0000000089600000, 0x0000000089600000| Complete 
| 119|0x0000000089700000, 0x0000000089800000, 0x0000000089800000|100%| E|CS|TAMS 0x0000000089700000, 0x0000000089700000| Complete 
| 120|0x0000000089800000, 0x0000000089900000, 0x0000000089900000|100%| E|CS|TAMS 0x0000000089800000, 0x0000000089800000| Complete 
| 121|0x0000000089900000, 0x0000000089a00000, 0x0000000089a00000|100%| E|  |TAMS 0x0000000089900000, 0x0000000089900000| Complete 
| 122|0x0000000089a00000, 0x0000000089b00000, 0x0000000089b00000|100%| E|CS|TAMS 0x0000000089a00000, 0x0000000089a00000| Complete 
| 123|0x0000000089b00000, 0x0000000089c00000, 0x0000000089c00000|100%| E|CS|TAMS 0x0000000089b00000, 0x0000000089b00000| Complete 
| 124|0x0000000089c00000, 0x0000000089d00000, 0x0000000089d00000|100%| E|CS|TAMS 0x0000000089c00000, 0x0000000089c00000| Complete 
| 125|0x0000000089d00000, 0x0000000089e00000, 0x0000000089e00000|100%| E|CS|TAMS 0x0000000089d00000, 0x0000000089d00000| Complete 

Card table byte_map: [0x000001eee5b70000,0x000001eee5f60000] _byte_map_base: 0x000001eee5760000

Marking Bits (Prev, Next): (CMBitMap*) 0x000001eece2c3258, (CMBitMap*) 0x000001eece2c3298
 Prev Bits: [0x000001eee6350000, 0x000001eee82d0000)
 Next Bits: [0x000001eee82d0000, 0x000001eeea250000)

Polling page: 0x000001eecc120000

Metaspace:

Usage:
  Non-class:     12.93 MB capacity,    12.40 MB ( 96%) used,   483.70 KB (  4%) free+waste,    62.81 KB ( <1%) overhead. 
      Class:      2.39 MB capacity,     2.14 MB ( 90%) used,   216.79 KB (  9%) free+waste,    33.56 KB (  1%) overhead. 
       Both:     15.32 MB capacity,    14.54 MB ( 95%) used,   700.48 KB (  4%) free+waste,    96.38 KB ( <1%) overhead. 

Virtual space:
  Non-class space:       14.00 MB reserved,      13.00 MB ( 93%) committed 
      Class space:        1.00 GB reserved,       2.50 MB ( <1%) committed 
             Both:        1.01 GB reserved,      15.50 MB (  1%) committed 

Chunk freelists:
   Non-Class:  3.00 KB
       Class:  19.00 KB
        Both:  22.00 KB

MaxMetaspaceSize: 17179869184.00 GB
CompressedClassSpaceSize: 1.00 GB

CodeHeap 'non-profiled nmethods': size=120064Kb used=738Kb max_used=738Kb free=119325Kb
 bounds [0x000001eede240000, 0x000001eede4b0000, 0x000001eee5780000]
CodeHeap 'profiled nmethods': size=120000Kb used=3505Kb max_used=3505Kb free=116494Kb
 bounds [0x000001eed6d10000, 0x000001eed7080000, 0x000001eede240000]
CodeHeap 'non-nmethods': size=5696Kb used=1441Kb max_used=1457Kb free=4254Kb
 bounds [0x000001eed6780000, 0x000001eed69f0000, 0x000001eed6d10000]
 total_blobs=3279 nmethods=1874 adapters=677
 compilation: enabled
              stopped_count=0, restarted_count=0
 full_count=0

Compilation events (20 events):
Event: 6.353 Thread 0x000001eeec85f800 nmethod 1863 0x000001eede2f6490 code [0x000001eede2f6620, 0x000001eede2f6758]
Event: 6.353 Thread 0x000001eeec85f800 1859       1       com.sun.prism.impl.BaseTexture::getPixelFormat (5 bytes)
Event: 6.354 Thread 0x000001eeec85f800 nmethod 1859 0x000001eede2f6810 code [0x000001eede2f69a0, 0x000001eede2f6ad8]
Event: 6.354 Thread 0x000001eeec85f800 1857       1       javafx.scene.layout.Background::getFills (5 bytes)
Event: 6.354 Thread 0x000001eeec85f800 nmethod 1857 0x000001eede2f6b90 code [0x000001eede2f6d20, 0x000001eede2f6e58]
Event: 6.392 Thread 0x000001eeec85f800 1868       3       java.util.WeakHashMap$EntryIterator::next (5 bytes)
Event: 6.392 Thread 0x000001eeec85f800 nmethod 1868 0x000001eed7079e90 code [0x000001eed707a040, 0x000001eed707a2f0]
Event: 6.392 Thread 0x000001eeec85f800 1869       3       java.util.WeakHashMap$EntryIterator::next (5 bytes)
Event: 6.392 Thread 0x000001eeec85f800 nmethod 1869 0x000001eed707a390 code [0x000001eed707a540, 0x000001eed707a790]
Event: 6.395 Thread 0x000001eeec85f800 1870       3       com.sun.javafx.geom.transform.Translate2D::transform (48 bytes)
Event: 6.395 Thread 0x000001eeec85f800 nmethod 1870 0x000001eed707a810 code [0x000001eed707a9c0, 0x000001eed707acf8]
Event: 6.395 Thread 0x000001eeec85f800 1871       1       com.sun.javafx.event.CompositeEventHandler$NormalEventHandlerRecord::isFilter (2 bytes)
Event: 6.395 Thread 0x000001eeec85f800 nmethod 1871 0x000001eede2f6f10 code [0x000001eede2f70a0, 0x000001eede2f71d8]
Event: 6.395 Thread 0x000001eeec85f800 1872       3       com.sun.javafx.geom.transform.Identity::inverseTransform (20 bytes)
Event: 6.396 Thread 0x000001eeec85f800 nmethod 1872 0x000001eed707ae90 code [0x000001eed707b060, 0x000001eed707b498]
Event: 6.399 Thread 0x000001eeec859800 nmethod 1867% 0x000001eede2f7290 code [0x000001eede2f7440, 0x000001eede2f8198]
Event: 6.410 Thread 0x000001eeec85f800 1873       3       java.util.concurrent.locks.AbstractQueuedSynchronizer::acquire (27 bytes)
Event: 6.411 Thread 0x000001eeec85f800 nmethod 1873 0x000001eed707b690 code [0x000001eed707b880, 0x000001eed707bd00]
Event: 6.411 Thread 0x000001eeec85f800 1874       3       java.util.concurrent.locks.ReentrantLock::unlock (10 bytes)
Event: 6.411 Thread 0x000001eeec85f800 nmethod 1874 0x000001eed707be90 code [0x000001eed707c060, 0x000001eed707c420]

GC Heap History (2 events):
Event: 0.506 GC heap before
{Heap before GC invocations=0 (full 0):
 garbage-first heap   total 129024K, used 13312K [0x0000000082000000, 0x0000000100000000)
  region size 1024K, 14 young (14336K), 0 survivors (0K)
 Metaspace       used 3402K, capacity 6532K, committed 6656K, reserved 1056768K
  class space    used 383K, capacity 718K, committed 768K, reserved 1048576K
}
Event: 0.510 GC heap after
{Heap after GC invocations=1 (full 0):
 garbage-first heap   total 129024K, used 2233K [0x0000000082000000, 0x0000000100000000)
  region size 1024K, 2 young (2048K), 2 survivors (2048K)
 Metaspace       used 3402K, capacity 6532K, committed 6656K, reserved 1056768K
  class space    used 383K, capacity 718K, committed 768K, reserved 1048576K
}

Deoptimization events (20 events):
Event: 1.053 Thread 0x000001eeed770800 Uncommon trap: trap_request=0xffffffde fr.pc=0x000001eede252e44 relative=0x00000000000001a4
Event: 1.053 Thread 0x000001eeed770800 Uncommon trap: reason=class_check action=maybe_recompile pc=0x000001eede252e44 method=java.lang.String.equals(Ljava/lang/Object;)Z @ 8 c2
Event: 1.053 Thread 0x000001eeed770800 DEOPT PACKING pc=0x000001eede252e44 sp=0x000000dca4bfd500
Event: 1.053 Thread 0x000001eeed770800 DEOPT UNPACKING pc=0x000001eed67c912f sp=0x000000dca4bfd4a8 mode 2
Event: 1.053 Thread 0x000001eeed770800 Uncommon trap: trap_request=0xffffffde fr.pc=0x000001eede252e44 relative=0x00000000000001a4
Event: 1.053 Thread 0x000001eeed770800 Uncommon trap: reason=class_check action=maybe_recompile pc=0x000001eede252e44 method=java.lang.String.equals(Ljava/lang/Object;)Z @ 8 c2
Event: 1.053 Thread 0x000001eeed770800 DEOPT PACKING pc=0x000001eede252e44 sp=0x000000dca4bfd410
Event: 1.053 Thread 0x000001eeed770800 DEOPT UNPACKING pc=0x000001eed67c912f sp=0x000000dca4bfd3b8 mode 2
Event: 1.053 Thread 0x000001eeed770800 Uncommon trap: trap_request=0xffffffde fr.pc=0x000001eede252e44 relative=0x00000000000001a4
Event: 1.053 Thread 0x000001eeed770800 Uncommon trap: reason=class_check action=maybe_recompile pc=0x000001eede252e44 method=java.lang.String.equals(Ljava/lang/Object;)Z @ 8 c2
Event: 1.053 Thread 0x000001eeed770800 DEOPT PACKING pc=0x000001eede252e44 sp=0x000000dca4bfd410
Event: 1.053 Thread 0x000001eeed770800 DEOPT UNPACKING pc=0x000001eed67c912f sp=0x000000dca4bfd3b8 mode 2
Event: 1.117 Thread 0x000001eeed770800 Uncommon trap: trap_request=0xffffff45 fr.pc=0x000001eede29aaec relative=0x000000000000024c
Event: 1.117 Thread 0x000001eeed770800 Uncommon trap: reason=unstable_if action=reinterpret pc=0x000001eede29aaec method=java.io.ByteArrayInputStream.read()I @ 8 c2
Event: 1.117 Thread 0x000001eeed770800 DEOPT PACKING pc=0x000001eede29aaec sp=0x000000dca4bfc0e0
Event: 1.117 Thread 0x000001eeed770800 DEOPT UNPACKING pc=0x000001eed67c912f sp=0x000000dca4bfc098 mode 2
Event: 5.276 Thread 0x000001eeed770800 Uncommon trap: trap_request=0xffffffde fr.pc=0x000001eede252e44 relative=0x00000000000001a4
Event: 5.276 Thread 0x000001eeed770800 Uncommon trap: reason=class_check action=maybe_recompile pc=0x000001eede252e44 method=java.lang.String.equals(Ljava/lang/Object;)Z @ 8 c2
Event: 5.276 Thread 0x000001eeed770800 DEOPT PACKING pc=0x000001eede252e44 sp=0x000000dca4bfd5d0
Event: 5.276 Thread 0x000001eeed770800 DEOPT UNPACKING pc=0x000001eed67c912f sp=0x000000dca4bfd578 mode 2

Classes unloaded (0 events):
No events

Classes redefined (0 events):
No events

Internal exceptions (20 events):
Event: 0.429 Thread 0x000001eece27d000 Exception <a 'java/lang/NoSuchMethodError'{0x00000000892af6e0}: 'java.lang.Object java.lang.invoke.Invokers$Holder.linkToTargetMethod(java.lang.Object, int, java.lang.Object, java.lang.Object)'> (0x00000000892af6e0) 
thrown [t:/workspace/open/src/hotspot/share/interpreter/linkResolver.cpp, line 767]
Event: 0.512 Thread 0x000001eeed770800 Exception <a 'java/lang/NoSuchMethodError'{0x0000000089d148f0}: 'void java.lang.invoke.DirectMethodHandle$Holder.invokeStaticInit(java.lang.Object)'> (0x0000000089d148f0) 
thrown [t:/workspace/open/src/hotspot/share/interpreter/linkResolver.cpp, line 767]
Event: 0.515 Thread 0x000001eece27d000 Exception <a 'java/lang/NoSuchMethodError'{0x0000000089d87cd0}: 'java.lang.Object java.lang.invoke.Invokers$Holder.linkToTargetMethod(java.lang.Object, java.lang.Object, java.lang.Object, java.lang.Object, java.lang.Object, java.lang.Object)'> (0x0000000089d87cd0) 
thrown [t:/workspace/open/src/hotspot/share/interpreter/linkResolver.cpp, line 767]
Event: 0.524 Thread 0x000001eeed928800 Exception <a 'java/lang/NoSuchMethodError'{0x0000000089c84728}: 'void java.lang.invoke.DirectMethodHandle$Holder.invokeStatic(java.lang.Object, java.lang.Object, java.lang.Object, java.lang.Object)'> (0x0000000089c84728) 
thrown [t:/workspace/open/src/hotspot/share/interpreter/linkResolver.cpp, line 767]
Event: 0.647 Thread 0x000001eeed770800 Exception <a 'java/lang/NoSuchMethodError'{0x0000000089588398}: 'java.lang.Object java.lang.invoke.DirectMethodHandle$Holder.invokeStaticInit(java.lang.Object, java.lang.Object, java.lang.Object, java.lang.Object)'> (0x0000000089588398) 
thrown [t:/workspace/open/src/hotspot/share/interpreter/linkResolver.cpp, line 767]
Event: 0.651 Thread 0x000001eeed770800 Exception <a 'java/lang/NullPointerException'{0x00000000895929f0}> (0x00000000895929f0) 
thrown [t:/workspace/open/src/hotspot/share/interpreter/linkResolver.cpp, line 1349]
Event: 0.655 Thread 0x000001eeed770800 Exception <a 'java/lang/NoSuchMethodError'{0x00000000895b9308}: 'void java.lang.invoke.DirectMethodHandle$Holder.invokeSpecial(java.lang.Object, java.lang.Object, java.lang.Object, java.lang.Object, java.lang.Object)'> (0x00000000895b9308) 
thrown [t:/workspace/open/src/hotspot/share/interpreter/linkResolver.cpp, line 767]
Event: 0.842 Thread 0x000001eeed770800 Exception <a 'java/lang/NoSuchMethodError'{0x0000000088bc7708}: 'void java.lang.invoke.DirectMethodHandle$Holder.invokeStaticInit(java.lang.Object, java.lang.Object)'> (0x0000000088bc7708) 
thrown [t:/workspace/open/src/hotspot/share/interpreter/linkResolver.cpp, line 767]
Event: 0.924 Thread 0x000001eeed770800 Implicit null exception at 0x000001eede28ece8 to 0x000001eede28ed7a
Event: 1.070 Thread 0x000001eeed770800 Exception <a 'java/lang/NoSuchMethodError'{0x000000008838bae8}: 'java.lang.Object java.lang.invoke.Invokers$Holder.linkToTargetMethod(java.lang.Object, int, java.lang.Object)'> (0x000000008838bae8) 
thrown [t:/workspace/open/src/hotspot/share/interpreter/linkResolver.cpp, line 767]
Event: 1.102 Thread 0x000001eeed770800 Exception <a 'java/lang/NoSuchMethodError'{0x000000008824f648}: 'java.lang.Object java.lang.invoke.DirectMethodHandle$Holder.invokeInterface(java.lang.Object, java.lang.Object, java.lang.Object)'> (0x000000008824f648) 
thrown [t:/workspace/open/src/hotspot/share/interpreter/linkResolver.cpp, line 767]
Event: 1.102 Thread 0x000001eeed770800 Exception <a 'java/lang/IncompatibleClassChangeError'{0x00000000882524d8}: Found class java.lang.Object, but interface was expected> (0x00000000882524d8) 
thrown [t:/workspace/open/src/hotspot/share/interpreter/linkResolver.cpp, line 833]
Event: 1.166 Thread 0x000001eeed4f7000 Exception <a 'java/lang/NoSuchMethodError'{0x00000000881a1250}: 'int java.lang.invoke.DirectMethodHandle$Holder.invokeStaticInit(java.lang.Object, java.lang.Object)'> (0x00000000881a1250) 
thrown [t:/workspace/open/src/hotspot/share/interpreter/linkResolver.cpp, line 767]
Event: 5.316 Thread 0x000001eeed770800 Exception <a 'java/lang/ClassNotFoundException'{0x0000000087c33d28}: com/sun/javafx/scene/control/skin/resources/controls> (0x0000000087c33d28) 
thrown [t:/workspace/open/src/hotspot/share/prims/jni.cpp, line 619]
Event: 5.318 Thread 0x000001eeed770800 Exception <a 'java/lang/ClassNotFoundException'{0x0000000087c417f8}: com/sun/javafx/scene/control/skin/resources/controls_en> (0x0000000087c417f8) 
thrown [t:/workspace/open/src/hotspot/share/prims/jni.cpp, line 619]
Event: 5.318 Thread 0x000001eeed770800 Exception <a 'java/lang/ClassNotFoundException'{0x0000000087c43680}: com/sun/javafx/scene/control/skin/resources/controls_en_GB> (0x0000000087c43680) 
thrown [t:/workspace/open/src/hotspot/share/prims/jni.cpp, line 619]
Event: 5.362 Thread 0x000001eeed770800 Exception <a 'java/lang/NoSuchMethodError'{0x0000000087bdd0a0}: 'void java.lang.invoke.DirectMethodHandle$Holder.invokeSpecial(java.lang.Object, java.lang.Object, java.lang.Object, java.lang.Object, java.lang.Object, java.lang.Object)'> (0x0000000087bdd0a0) 
thrown [t:/workspace/open/src/hotspot/share/interpreter/linkResolver.cpp, line 767]
Event: 5.449 Thread 0x000001eeed770800 Exception <a 'java/lang/NoSuchMethodError'{0x00000000877860b0}: 'long java.lang.invoke.DirectMethodHandle$Holder.invokeStatic(java.lang.Object, java.lang.Object, java.lang.Object)'> (0x00000000877860b0) 
thrown [t:/workspace/open/src/hotspot/share/interpreter/linkResolver.cpp, line 767]
Event: 5.449 Thread 0x000001eeed770800 Exception <a 'java/lang/NoSuchMethodError'{0x0000000087789000}: 'long java.lang.invoke.DirectMethodHandle$Holder.invokeStaticInit(java.lang.Object, java.lang.Object, java.lang.Object)'> (0x0000000087789000) 
thrown [t:/workspace/open/src/hotspot/share/interpreter/linkResolver.cpp, line 767]
Event: 5.451 Thread 0x000001eeed770800 Exception <a 'java/lang/NoSuchMethodError'{0x000000008779d4e8}: 'java.lang.Object java.lang.invoke.Invokers$Holder.linkToTargetMethod(java.lang.Object, long, java.lang.Object)'> (0x000000008779d4e8) 
thrown [t:/workspace/open/src/hotspot/share/interpreter/linkResolver.cpp, line 767]

Events (20 events):
Event: 6.331 loading class javafx/event/ActionEvent done
Event: 6.407 Executing VM operation: RevokeBias
Event: 6.408 Executing VM operation: RevokeBias done
Event: 6.408 Thread 0x000001eef698d000 Thread added: 0x000001eef698d000
Event: 6.408 Thread 0x000001eef6ab7000 Thread added: 0x000001eef6ab7000
Event: 6.409 Executing VM operation: RevokeBias
Event: 6.409 Executing VM operation: RevokeBias done
Event: 6.409 Executing VM operation: RevokeBias
Event: 6.409 Executing VM operation: RevokeBias done
Event: 6.409 Executing VM operation: RevokeBias
Event: 6.410 Executing VM operation: RevokeBias done
Event: 6.410 Executing VM operation: RevokeBias
Event: 6.410 Executing VM operation: RevokeBias done
Event: 6.410 loading class com/sun/javafx/tk/quantum/QuantumRenderer
Event: 6.410 loading class com/sun/javafx/tk/quantum/QuantumRenderer done
Event: 6.410 Thread 0x000001eef698d000 Thread exited: 0x000001eef698d000
Event: 6.411 loading class com/sun/javafx/tk/quantum/QuantumToolkit
Event: 6.411 loading class com/sun/javafx/tk/quantum/QuantumToolkit done
Event: 6.412 Thread 0x000001eeec84b000 Thread exited: 0x000001eeec84b000
Event: 6.413 Executing VM operation: Exit


Dynamic libraries:
0x00007ff7291f0000 - 0x00007ff7291ff000 	C:\Program Files\Java\jdk-13.0.1\bin\javaw.exe
0x00007ffb982e0000 - 0x00007ffb984d0000 	C:\WINDOWS\SYSTEM32\ntdll.dll
0x00007ffb97440000 - 0x00007ffb974f2000 	C:\WINDOWS\System32\KERNEL32.DLL
0x00007ffb952f0000 - 0x00007ffb95594000 	C:\WINDOWS\System32\KERNELBASE.dll
0x00007ffb960c0000 - 0x00007ffb961ba000 	C:\WINDOWS\System32\ucrtbase.dll
0x00007ffb91280000 - 0x00007ffb91298000 	C:\Program Files\Java\jdk-13.0.1\bin\jli.dll
0x00007ffb8fad0000 - 0x00007ffb8fae5000 	C:\Program Files\Java\jdk-13.0.1\bin\VCRUNTIME140.dll
0x00007ffb97a40000 - 0x00007ffb97ae3000 	C:\WINDOWS\System32\ADVAPI32.dll
0x00007ffb97510000 - 0x00007ffb975ae000 	C:\WINDOWS\System32\msvcrt.dll
0x00007ffb96e50000 - 0x00007ffb96ee7000 	C:\WINDOWS\System32\sechost.dll
0x00007ffb96c70000 - 0x00007ffb96d90000 	C:\WINDOWS\System32\RPCRT4.dll
0x00007ffb98100000 - 0x00007ffb98294000 	C:\WINDOWS\System32\USER32.dll
0x00007ffb95770000 - 0x00007ffb95791000 	C:\WINDOWS\System32\win32u.dll
0x00007ffb89630000 - 0x00007ffb898b4000 	C:\WINDOWS\WinSxS\amd64_microsoft.windows.common-controls_6595b64144ccf1df_6.0.18362.836_none_e6c4b943130f18ed\COMCTL32.dll
0x00007ffb96b00000 - 0x00007ffb96b26000 	C:\WINDOWS\System32\GDI32.dll
0x00007ffb97d10000 - 0x00007ffb98046000 	C:\WINDOWS\System32\combase.dll
0x00007ffb955a0000 - 0x00007ffb95734000 	C:\WINDOWS\System32\gdi32full.dll
0x00007ffb961c0000 - 0x00007ffb9625e000 	C:\WINDOWS\System32\msvcp_win.dll
0x00007ffb96310000 - 0x00007ffb96390000 	C:\WINDOWS\System32\bcryptPrimitives.dll
0x00007ffb8f080000 - 0x00007ffb8f08a000 	C:\WINDOWS\SYSTEM32\VERSION.dll
0x00007ffb98050000 - 0x00007ffb9807e000 	C:\WINDOWS\System32\IMM32.DLL
0x00007ffb4e920000 - 0x00007ffb4e9bb000 	C:\Program Files\Java\jdk-13.0.1\bin\msvcp140.dll
0x00007ffb43bb0000 - 0x00007ffb44716000 	C:\Program Files\Java\jdk-13.0.1\bin\server\jvm.dll
0x00007ffb97500000 - 0x00007ffb97508000 	C:\WINDOWS\System32\PSAPI.DLL
0x00007ffb93f60000 - 0x00007ffb93f69000 	C:\WINDOWS\SYSTEM32\WSOCK32.dll
0x00007ffb92670000 - 0x00007ffb92694000 	C:\WINDOWS\SYSTEM32\WINMM.dll
0x00007ffb96be0000 - 0x00007ffb96c4f000 	C:\WINDOWS\System32\WS2_32.dll
0x00007ffb92640000 - 0x00007ffb9266d000 	C:\WINDOWS\SYSTEM32\WINMMBASE.dll
0x00007ffb95f20000 - 0x00007ffb95f6a000 	C:\WINDOWS\System32\cfgmgr32.dll
0x00007ffb951b0000 - 0x00007ffb951c1000 	C:\WINDOWS\System32\kernel.appcore.dll
0x00007ffb8e0e0000 - 0x00007ffb8e0f0000 	C:\Program Files\Java\jdk-13.0.1\bin\verify.dll
0x00007ffb93d20000 - 0x00007ffb93f14000 	C:\WINDOWS\SYSTEM32\DBGHELP.DLL
0x00007ffb7ebf0000 - 0x00007ffb7ec1a000 	C:\WINDOWS\SYSTEM32\dbgcore.DLL
0x00007ffb6a160000 - 0x00007ffb6a186000 	C:\Program Files\Java\jdk-13.0.1\bin\java.dll
0x00007ffb6cc50000 - 0x00007ffb6cc67000 	C:\Program Files\Java\jdk-13.0.1\bin\zip.dll
0x00007ffb8be20000 - 0x00007ffb8be2a000 	C:\Program Files\Java\jdk-13.0.1\bin\jimage.dll
0x00007ffb96390000 - 0x00007ffb96a74000 	C:\WINDOWS\System32\SHELL32.dll
0x00007ffb96b30000 - 0x00007ffb96bd9000 	C:\WINDOWS\System32\shcore.dll
0x00007ffb957a0000 - 0x00007ffb95f1e000 	C:\WINDOWS\System32\windows.storage.dll
0x00007ffb95240000 - 0x00007ffb95263000 	C:\WINDOWS\System32\profapi.dll
0x00007ffb951d0000 - 0x00007ffb9521a000 	C:\WINDOWS\System32\powrprof.dll
0x00007ffb951a0000 - 0x00007ffb951b0000 	C:\WINDOWS\System32\UMPDC.dll
0x00007ffb96df0000 - 0x00007ffb96e42000 	C:\WINDOWS\System32\shlwapi.dll
0x00007ffb952d0000 - 0x00007ffb952e7000 	C:\WINDOWS\System32\cryptsp.dll
0x00007ffb67b90000 - 0x00007ffb67ba9000 	C:\Program Files\Java\jdk-13.0.1\bin\net.dll
0x00007ffb8e2a0000 - 0x00007ffb8e390000 	C:\WINDOWS\SYSTEM32\WINHTTP.dll
0x00007ffb94a10000 - 0x00007ffb94a77000 	C:\WINDOWS\system32\mswsock.dll
0x00007ffb62210000 - 0x00007ffb62223000 	C:\Program Files\Java\jdk-13.0.1\bin\nio.dll
0x000001eece1b0000 - 0x000001eece1b3000 	C:\Program Files\Java\openjfx-14.0.1_windows-x64_bin-sdk\javafx-sdk-14.0.1\bin\api-ms-win-core-console-l1-1-0.dll
0x000001eece1c0000 - 0x000001eece1c3000 	C:\Program Files\Java\openjfx-14.0.1_windows-x64_bin-sdk\javafx-sdk-14.0.1\bin\api-ms-win-core-datetime-l1-1-0.dll
0x000001eece1d0000 - 0x000001eece1d3000 	C:\Program Files\Java\openjfx-14.0.1_windows-x64_bin-sdk\javafx-sdk-14.0.1\bin\api-ms-win-core-debug-l1-1-0.dll
0x000001eece1e0000 - 0x000001eece1e3000 	C:\Program Files\Java\openjfx-14.0.1_windows-x64_bin-sdk\javafx-sdk-14.0.1\bin\api-ms-win-core-errorhandling-l1-1-0.dll
0x000001eece1f0000 - 0x000001eece1f4000 	C:\Program Files\Java\openjfx-14.0.1_windows-x64_bin-sdk\javafx-sdk-14.0.1\bin\api-ms-win-core-file-l1-1-0.dll
0x000001eece200000 - 0x000001eece203000 	C:\Program Files\Java\openjfx-14.0.1_windows-x64_bin-sdk\javafx-sdk-14.0.1\bin\api-ms-win-core-file-l1-2-0.dll
0x000001eece210000 - 0x000001eece213000 	C:\Program Files\Java\openjfx-14.0.1_windows-x64_bin-sdk\javafx-sdk-14.0.1\bin\api-ms-win-core-file-l2-1-0.dll
0x000001eece220000 - 0x000001eece223000 	C:\Program Files\Java\openjfx-14.0.1_windows-x64_bin-sdk\javafx-sdk-14.0.1\bin\api-ms-win-core-handle-l1-1-0.dll
0x000001eece230000 - 0x000001eece233000 	C:\Program Files\Java\openjfx-14.0.1_windows-x64_bin-sdk\javafx-sdk-14.0.1\bin\api-ms-win-core-heap-l1-1-0.dll
0x000001eece240000 - 0x000001eece243000 	C:\Program Files\Java\openjfx-14.0.1_windows-x64_bin-sdk\javafx-sdk-14.0.1\bin\api-ms-win-core-interlocked-l1-1-0.dll
0x000001eeedd90000 - 0x000001eeedd93000 	C:\Program Files\Java\openjfx-14.0.1_windows-x64_bin-sdk\javafx-sdk-14.0.1\bin\api-ms-win-core-libraryloader-l1-1-0.dll
0x000001eeedda0000 - 0x000001eeedda3000 	C:\Program Files\Java\openjfx-14.0.1_windows-x64_bin-sdk\javafx-sdk-14.0.1\bin\api-ms-win-core-localization-l1-2-0.dll
0x000001eeeddb0000 - 0x000001eeeddb3000 	C:\Program Files\Java\openjfx-14.0.1_windows-x64_bin-sdk\javafx-sdk-14.0.1\bin\api-ms-win-core-memory-l1-1-0.dll
0x000001eeeddc0000 - 0x000001eeeddc3000 	C:\Program Files\Java\openjfx-14.0.1_windows-x64_bin-sdk\javafx-sdk-14.0.1\bin\api-ms-win-core-namedpipe-l1-1-0.dll
0x000001eeeddd0000 - 0x000001eeeddd3000 	C:\Program Files\Java\openjfx-14.0.1_windows-x64_bin-sdk\javafx-sdk-14.0.1\bin\api-ms-win-core-processenvironment-l1-1-0.dll
0x000001eeedde0000 - 0x000001eeedde3000 	C:\Program Files\Java\openjfx-14.0.1_windows-x64_bin-sdk\javafx-sdk-14.0.1\bin\api-ms-win-core-processthreads-l1-1-0.dll
0x000001eeeddf0000 - 0x000001eeeddf3000 	C:\Program Files\Java\openjfx-14.0.1_windows-x64_bin-sdk\javafx-sdk-14.0.1\bin\api-ms-win-core-processthreads-l1-1-1.dll
0x000001eeede00000 - 0x000001eeede03000 	C:\Program Files\Java\openjfx-14.0.1_windows-x64_bin-sdk\javafx-sdk-14.0.1\bin\api-ms-win-core-profile-l1-1-0.dll
0x000001eeede10000 - 0x000001eeede13000 	C:\Program Files\Java\openjfx-14.0.1_windows-x64_bin-sdk\javafx-sdk-14.0.1\bin\api-ms-win-core-rtlsupport-l1-1-0.dll
0x000001eeede20000 - 0x000001eeede23000 	C:\Program Files\Java\openjfx-14.0.1_windows-x64_bin-sdk\javafx-sdk-14.0.1\bin\api-ms-win-core-string-l1-1-0.dll
0x000001eeede30000 - 0x000001eeede33000 	C:\Program Files\Java\openjfx-14.0.1_windows-x64_bin-sdk\javafx-sdk-14.0.1\bin\api-ms-win-core-synch-l1-1-0.dll
0x000001eeede40000 - 0x000001eeede43000 	C:\Program Files\Java\openjfx-14.0.1_windows-x64_bin-sdk\javafx-sdk-14.0.1\bin\api-ms-win-core-synch-l1-2-0.dll
0x000001eeede50000 - 0x000001eeede53000 	C:\Program Files\Java\openjfx-14.0.1_windows-x64_bin-sdk\javafx-sdk-14.0.1\bin\api-ms-win-core-sysinfo-l1-1-0.dll
0x000001eeede60000 - 0x000001eeede63000 	C:\Program Files\Java\openjfx-14.0.1_windows-x64_bin-sdk\javafx-sdk-14.0.1\bin\api-ms-win-core-timezone-l1-1-0.dll
0x000001eeede70000 - 0x000001eeede73000 	C:\Program Files\Java\openjfx-14.0.1_windows-x64_bin-sdk\javafx-sdk-14.0.1\bin\api-ms-win-core-util-l1-1-0.dll
0x000001eeede80000 - 0x000001eeede83000 	C:\Program Files\Java\openjfx-14.0.1_windows-x64_bin-sdk\javafx-sdk-14.0.1\bin\api-ms-win-crt-conio-l1-1-0.dll
0x000001eeede90000 - 0x000001eeede94000 	C:\Program Files\Java\openjfx-14.0.1_windows-x64_bin-sdk\javafx-sdk-14.0.1\bin\api-ms-win-crt-convert-l1-1-0.dll
0x000001eeedea0000 - 0x000001eeedea3000 	C:\Program Files\Java\openjfx-14.0.1_windows-x64_bin-sdk\javafx-sdk-14.0.1\bin\api-ms-win-crt-environment-l1-1-0.dll
0x000001eeedeb0000 - 0x000001eeedeb3000 	C:\Program Files\Java\openjfx-14.0.1_windows-x64_bin-sdk\javafx-sdk-14.0.1\bin\api-ms-win-crt-filesystem-l1-1-0.dll
0x000001eeedec0000 - 0x000001eeedec3000 	C:\Program Files\Java\openjfx-14.0.1_windows-x64_bin-sdk\javafx-sdk-14.0.1\bin\api-ms-win-crt-heap-l1-1-0.dll
0x000001eeeded0000 - 0x000001eeeded3000 	C:\Program Files\Java\openjfx-14.0.1_windows-x64_bin-sdk\javafx-sdk-14.0.1\bin\api-ms-win-crt-locale-l1-1-0.dll
0x000001eeedee0000 - 0x000001eeedee5000 	C:\Program Files\Java\openjfx-14.0.1_windows-x64_bin-sdk\javafx-sdk-14.0.1\bin\api-ms-win-crt-math-l1-1-0.dll
0x000001eeedef0000 - 0x000001eeedef5000 	C:\Program Files\Java\openjfx-14.0.1_windows-x64_bin-sdk\javafx-sdk-14.0.1\bin\api-ms-win-crt-multibyte-l1-1-0.dll
0x000001eeedf00000 - 0x000001eeedf10000 	C:\Program Files\Java\openjfx-14.0.1_windows-x64_bin-sdk\javafx-sdk-14.0.1\bin\api-ms-win-crt-private-l1-1-0.dll
0x000001eeedf10000 - 0x000001eeedf13000 	C:\Program Files\Java\openjfx-14.0.1_windows-x64_bin-sdk\javafx-sdk-14.0.1\bin\api-ms-win-crt-process-l1-1-0.dll
0x000001eeedf20000 - 0x000001eeedf24000 	C:\Program Files\Java\openjfx-14.0.1_windows-x64_bin-sdk\javafx-sdk-14.0.1\bin\api-ms-win-crt-runtime-l1-1-0.dll
0x000001eeedf30000 - 0x000001eeedf34000 	C:\Program Files\Java\openjfx-14.0.1_windows-x64_bin-sdk\javafx-sdk-14.0.1\bin\api-ms-win-crt-stdio-l1-1-0.dll
0x000001eeedf40000 - 0x000001eeedf44000 	C:\Program Files\Java\openjfx-14.0.1_windows-x64_bin-sdk\javafx-sdk-14.0.1\bin\api-ms-win-crt-string-l1-1-0.dll
0x000001eeedf50000 - 0x000001eeedf53000 	C:\Program Files\Java\openjfx-14.0.1_windows-x64_bin-sdk\javafx-sdk-14.0.1\bin\api-ms-win-crt-time-l1-1-0.dll
0x000001eeedf60000 - 0x000001eeedf63000 	C:\Program Files\Java\openjfx-14.0.1_windows-x64_bin-sdk\javafx-sdk-14.0.1\bin\api-ms-win-crt-utility-l1-1-0.dll
0x00007ffb4e820000 - 0x00007ffb4e91c000 	C:\Program Files\Java\openjfx-14.0.1_windows-x64_bin-sdk\javafx-sdk-14.0.1\bin\ucrtbase.dll
0x00007ffb5bac0000 - 0x00007ffb5bad5000 	C:\Program Files\Java\openjfx-14.0.1_windows-x64_bin-sdk\javafx-sdk-14.0.1\bin\vcruntime140.dll
0x00007ffb4d840000 - 0x00007ffb4d8db000 	C:\Program Files\Java\openjfx-14.0.1_windows-x64_bin-sdk\javafx-sdk-14.0.1\bin\msvcp140.dll
0x00007ffb4e7c0000 - 0x00007ffb4e811000 	C:\Program Files\Java\openjfx-14.0.1_windows-x64_bin-sdk\javafx-sdk-14.0.1\bin\concrt140.dll
0x00007ffb54a20000 - 0x00007ffb54a43000 	C:\Program Files\Java\openjfx-14.0.1_windows-x64_bin-sdk\javafx-sdk-14.0.1\bin\prism_d3d.dll
0x00007ffb88f20000 - 0x00007ffb890e7000 	C:\WINDOWS\system32\d3d9.dll
0x00007ffb93720000 - 0x00007ffb9374d000 	C:\WINDOWS\SYSTEM32\dwmapi.dll
0x00007ffb93a20000 - 0x00007ffb93a40000 	C:\WINDOWS\SYSTEM32\dxcore.dll
0x00007ffb93390000 - 0x00007ffb93429000 	C:\WINDOWS\system32\uxtheme.dll
0x00007ffb4d410000 - 0x00007ffb4d5de000 	C:\WINDOWS\System32\DriverStore\FileRepository\ki132538.inf_amd64_a34b1de6c28c3534\igdumdim64.dll
0x00007ffb85610000 - 0x00007ffb8572d000 	C:\WINDOWS\System32\DriverStore\FileRepository\ki132538.inf_amd64_a34b1de6c28c3534\igdgmm64.dll
0x00007ffb22210000 - 0x00007ffb25dfb000 	C:\WINDOWS\System32\DriverStore\FileRepository\ki132538.inf_amd64_a34b1de6c28c3534\igd9dxva64.dll
0x00007ffb978e0000 - 0x00007ffb97a37000 	C:\WINDOWS\System32\OLE32.dll
0x00007ffb97370000 - 0x00007ffb97434000 	C:\WINDOWS\System32\OLEAUT32.dll
0x00007ffb4e350000 - 0x00007ffb4e395000 	C:\Program Files\Java\openjfx-14.0.1_windows-x64_bin-sdk\javafx-sdk-14.0.1\bin\glass.dll
0x00007ffb97810000 - 0x00007ffb978e0000 	C:\WINDOWS\System32\COMDLG32.dll
0x00007ffb976d0000 - 0x00007ffb97806000 	C:\WINDOWS\System32\MSCTF.dll
0x00007ffb70810000 - 0x00007ffb70831000 	C:\WINDOWS\System32\DriverStore\FileRepository\ki132538.inf_amd64_a34b1de6c28c3534\igdinfo64.dll
0x00007ffb83320000 - 0x00007ffb8560d000 	C:\WINDOWS\System32\DriverStore\FileRepository\ki132538.inf_amd64_a34b1de6c28c3534\igc64.dll
0x00007ffb94760000 - 0x00007ffb9482b000 	C:\WINDOWS\SYSTEM32\DNSAPI.dll
0x00007ffb97360000 - 0x00007ffb97368000 	C:\WINDOWS\System32\NSI.dll
0x00007ffb94720000 - 0x00007ffb9475a000 	C:\WINDOWS\SYSTEM32\IPHLPAPI.DLL
0x00007ffb8eeb0000 - 0x00007ffb8eeba000 	C:\Windows\System32\rasadhlp.dll
0x00007ffb8f250000 - 0x00007ffb8f2c7000 	C:\WINDOWS\System32\fwpuclnt.dll
0x00007ffb95740000 - 0x00007ffb95766000 	C:\WINDOWS\System32\bcrypt.dll
0x00007ffb54760000 - 0x00007ffb5478c000 	C:\Program Files\Java\openjfx-14.0.1_windows-x64_bin-sdk\javafx-sdk-14.0.1\bin\javafx_iio.dll
0x00007ffb58bc0000 - 0x00007ffb58bd4000 	C:\Program Files\Java\openjfx-14.0.1_windows-x64_bin-sdk\javafx-sdk-14.0.1\bin\javafx_font.dll
0x00007ffb884d0000 - 0x00007ffb887ce000 	C:\WINDOWS\SYSTEM32\dwrite.dll
0x00007ffb975b0000 - 0x00007ffb97652000 	C:\WINDOWS\System32\clbcatq.dll
0x00007ffb8c030000 - 0x00007ffb8c1df000 	C:\WINDOWS\SYSTEM32\WindowsCodecs.dll
0x00007ffb825b0000 - 0x00007ffb825ea000 	C:\WINDOWS\system32\dataexchange.dll
0x00007ffb91d40000 - 0x00007ffb91f9b000 	C:\WINDOWS\system32\d3d11.dll
0x00007ffb91a60000 - 0x00007ffb91c3c000 	C:\WINDOWS\system32\dcomp.dll
0x00007ffb93af0000 - 0x00007ffb93bdb000 	C:\WINDOWS\system32\dxgi.dll
0x00007ffb93030000 - 0x00007ffb93291000 	C:\WINDOWS\system32\twinapi.appcore.dll
0x00007ffb934e0000 - 0x00007ffb93509000 	C:\WINDOWS\system32\RMCLIENT.dll
0x00007ffb57d70000 - 0x00007ffb57da3000 	C:\Program Files\Common Files\Microsoft Shared\Ink\rtscom.dll
0x00007ffb8f520000 - 0x00007ffb8f5be000 	C:\WINDOWS\System32\TextInputFramework.dll
0x00007ffb8cb70000 - 0x00007ffb8ce9a000 	C:\WINDOWS\System32\CoreUIComponents.dll
0x00007ffb91060000 - 0x00007ffb91134000 	C:\WINDOWS\System32\CoreMessaging.dll

dbghelp: loaded successfully - version: 4.0.5 - missing functions: none
symbol engine: initialized successfully - sym options: 0x614 - pdb path: .;C:\Program Files\Java\jdk-13.0.1\bin;C:\WINDOWS\SYSTEM32;C:\WINDOWS\WinSxS\amd64_microsoft.windows.common-controls_6595b64144ccf1df_6.0.18362.836_none_e6c4b943130f18ed;C:\Program Files\Java\jdk-13.0.1\bin\server;C:\Program Files\Java\openjfx-14.0.1_windows-x64_bin-sdk\javafx-sdk-14.0.1\bin;C:\WINDOWS\System32\DriverStore\FileRepository\ki132538.inf_amd64_a34b1de6c28c3534;C:\WINDOWS\System32\DriverStore\FileRepository\nvdmi.inf_amd64_0923a7946305497c;C:\Program Files\Common Files\Microsoft Shared\Ink

VM Arguments:
jvm_args: --module-path=C:\Program Files\Java\openjfx-14.0.1_windows-x64_bin-sdk\javafx-sdk-14.0.1\lib --add-modules=javafx.controls,javafx.fxml -Dfile.encoding=Cp1252 
java_command: client.launcher.Launcher
java_class_path (initial): C:\Users\User\Documents\Workspaces\Workspace_Eclipse\ChatClient\bin;C:\Program Files\Java\openjfx-14.0.1_windows-x64_bin-sdk\javafx-sdk-14.0.1\lib\javafx.base.jar;C:\Program Files\Java\openjfx-14.0.1_windows-x64_bin-sdk\javafx-sdk-14.0.1\lib\javafx.controls.jar;C:\Program Files\Java\openjfx-14.0.1_windows-x64_bin-sdk\javafx-sdk-14.0.1\lib\javafx.fxml.jar;C:\Program Files\Java\openjfx-14.0.1_windows-x64_bin-sdk\javafx-sdk-14.0.1\lib\javafx.graphics.jar;C:\Program Files\Java\openjfx-14.0.1_windows-x64_bin-sdk\javafx-sdk-14.0.1\lib\javafx.media.jar;C:\Program Files\Java\openjfx-14.0.1_windows-x64_bin-sdk\javafx-sdk-14.0.1\lib\javafx.swing.jar;C:\Program Files\Java\openjfx-14.0.1_windows-x64_bin-sdk\javafx-sdk-14.0.1\lib\javafx.web.jar;C:\Program Files\Java\openjfx-14.0.1_windows-x64_bin-sdk\javafx-sdk-14.0.1\lib\javafx-swt.jar
Launcher Type: SUN_STANDARD

[Global flags]
     intx CICompilerCount                          = 3                                         {product} {ergonomic}
     uint ConcGCThreads                            = 1                                         {product} {ergonomic}
     uint G1ConcRefinementThreads                  = 4                                         {product} {ergonomic}
   size_t G1HeapRegionSize                         = 1048576                                   {product} {ergonomic}
    uintx GCDrainStackTargetSize                   = 64                                        {product} {ergonomic}
   size_t InitialHeapSize                          = 132120576                                 {product} {ergonomic}
   size_t MarkStackSize                            = 4194304                                   {product} {ergonomic}
   size_t MaxHeapSize                              = 2113929216                                {product} {ergonomic}
   size_t MaxNewSize                               = 1267728384                                {product} {ergonomic}
   size_t MinHeapDeltaBytes                        = 1048576                                   {product} {ergonomic}
   size_t MinHeapSize                              = 8388608                                   {product} {ergonomic}
    uintx NonNMethodCodeHeapSize                   = 5830732                                {pd product} {ergonomic}
    uintx NonProfiledCodeHeapSize                  = 122913754                              {pd product} {ergonomic}
    uintx ProfiledCodeHeapSize                     = 122913754                              {pd product} {ergonomic}
    uintx ReservedCodeCacheSize                    = 251658240                              {pd product} {ergonomic}
     bool SegmentedCodeCache                       = true                                      {product} {ergonomic}
   size_t SoftMaxHeapSize                          = 2113929216                             {manageable} {ergonomic}
     bool UseCompressedClassPointers               = true                                 {lp64_product} {ergonomic}
     bool UseCompressedOops                        = true                                 {lp64_product} {ergonomic}
     bool UseG1GC                                  = true                                      {product} {ergonomic}
     bool UseLargePagesIndividualAllocation        = false                                  {pd product} {ergonomic}

Logging:
Log output configuration:
 #0: stdout all=off uptime,level,tags
 #1: stderr all=off uptime,level,tags

Environment Variables:
PATH=C:/Program Files/Java/jdk-13.0.1/bin/server;C:/Program Files/Java/jdk-13.0.1/bin;C:\Program Files\Java\jdk-13.0.1\bin;C:\Program Files (x86)\Common Files\Oracle\Java\javapath;C:\ProgramData\Oracle\Java\javapath;C:\Program Files\Intel\iCLS Client\;C:\Windows\system32;C:\Windows;C:\Windows\System32\Wbem;C:\Windows\System32\WindowsPowerShell\v1.0\;C:\Program Files (x86)\NVIDIA Corporation\PhysX\Common;C:\WINDOWS\system32;C:\WINDOWS;C:\WINDOWS\System32\Wbem;C:\WINDOWS\System32\WindowsPowerShell\v1.0\;C:\WINDOWS\System32\OpenSSH\;C:\cygwin64\bin;C:\Program Files (x86)\GtkSharp\2.12\bin;C:\Program Files\NVIDIA Corporation\NVIDIA NvDLISR;C:\Users\User\AppData\Local\Programs\Python\Python37-32;C:\Program Files (x86)\Intel\Intel(R) Management Engine Components\DAL;C:\Program Files\Intel\Intel(R) Management Engine Components\DAL;C:\Program Files\PuTTY\;C:\WINDOWS\system32;C:\WINDOWS;C:\WINDOWS\System32\Wbem;C:\WINDOWS\System32\WindowsPowerShell\v1.0\;C:\WINDOWS\System32\OpenSSH\;C:\Program Files\Git\cmd;C:\Program Files\Intel\WiFi\bin\;C:\Program Files\Common Files\Intel\WirelessCommon\;C:\Program Files\MySQL\MySQL Shell 8.0\bin\;C:\Users\User\AppData\Local\Microsoft\WindowsApps;C:\Users\User\AppData\Local\GitHubDesktop\bin;C:\Users\User\AppData\Local\Programs\Microsoft VS Code\bin;C:\Users\User\AppData\Local\Microsoft\WindowsApps;C:\Program Files\MySQL\MySQL Server 8.0\bin;;C:\WINDOWS\System32;
USERNAME=User
OS=Windows_NT
PROCESSOR_IDENTIFIER=Intel64 Family 6 Model 94 Stepping 3, GenuineIntel



---------------  S Y S T E M  ---------------

OS: Windows 10 , 64 bit Build 18362 (10.0.18362.778)

CPU:total 4 (initial active 4) (4 cores per cpu, 1 threads per core) family 6 model 94 stepping 3, cmov, cx8, fxsr, mmx, sse, sse2, sse3, ssse3, sse4.1, sse4.2, popcnt, avx, avx2, aes, clmul, erms, rtm, 3dnowpref, lzcnt, tsc, tscinvbit, bmi1, bmi2, adx, fma

Memory: 4k page, system-wide physical 8060M (1926M free)
TotalPageFile size 13948M (AvailPageFile size 4291M)
current process WorkingSet (physical memory assigned to process): 145M, peak: 147M
current process commit charge ("private bytes"): 266M, peak: 281M

vm_info: Java HotSpot(TM) 64-Bit Server VM (13.0.1+9) for windows-amd64 JRE (13.0.1+9), built on Oct  6 2019 12:37:49 by "mach5one" with unknown MS VC++:1916

END.
